<?xml version="1.0" encoding="UTF-8"?>
<!-- Generated by org.testng.reporters.JUnitReportReporter -->
<testsuite hostname="DESKTOP-MQTKGDQ" failures="0" tests="1" name="com.soft.testCases.AddingItems" time="19.746" errors="0" timestamp="2023-09-22T20:25:53 EET" skipped="0">
  <testcase classname="com.soft.testCases.AddingItems" name="loginWithValidCreditanls" time="19.746"/>
  <system-out/>
</testsuite> <!-- com.soft.testCases.AddingItems -->
